::ffff:127.0.0.1 - - [07/Dec/2020:09:02:33 +0000] "GET / HTTP/1.1" 404 139 "-" "Mozilla/5.0 (X11; Ubuntu; Linux x86_64; rv:83.0) Gecko/20100101 Firefox/83.0"
::1 - - [08/Dec/2020:16:19:18 +0000] "POST /api/product/ HTTP/1.1" 200 31 "-" "PostmanRuntime/7.26.8"
::1 - - [08/Dec/2020:16:19:30 +0000] "GET /api/product/ HTTP/1.1" 200 30 "-" "PostmanRuntime/7.26.8"
::1 - - [08/Dec/2020:16:22:01 +0000] "GET /api/product/ HTTP/1.1" 200 30 "-" "PostmanRuntime/7.26.8"
::1 - - [08/Dec/2020:16:22:37 +0000] "GET /api/product/ HTTP/1.1" 200 30 "-" "PostmanRuntime/7.26.8"
::1 - - [08/Dec/2020:16:24:10 +0000] "GET /api/product/ HTTP/1.1" 200 30 "-" "PostmanRuntime/7.26.8"
::1 - - [08/Dec/2020:16:24:35 +0000] "GET /api/product/ HTTP/1.1" 500 1422 "-" "PostmanRuntime/7.26.8"
::1 - - [08/Dec/2020:16:25:44 +0000] "GET /api/product/ HTTP/1.1" 200 30 "-" "PostmanRuntime/7.26.8"
::1 - - [08/Dec/2020:16:26:26 +0000] "GET /api/product/ HTTP/1.1" 200 30 "-" "PostmanRuntime/7.26.8"
::1 - - [08/Dec/2020:16:27:54 +0000] "GET /api/product/ HTTP/1.1" 200 30 "-" "PostmanRuntime/7.26.8"
::1 - - [08/Dec/2020:16:30:00 +0000] "GET /api/product/ HTTP/1.1" 200 30 "-" "PostmanRuntime/7.26.8"
::1 - - [08/Dec/2020:16:31:10 +0000] "GET /api/product/ HTTP/1.1" 200 30 "-" "PostmanRuntime/7.26.8"
::1 - - [08/Dec/2020:16:32:40 +0000] "GET /api/product/ HTTP/1.1" 200 30 "-" "PostmanRuntime/7.26.8"
::1 - - [08/Dec/2020:16:33:13 +0000] "GET /api/product/ HTTP/1.1" 200 30 "-" "PostmanRuntime/7.26.8"
::1 - - [08/Dec/2020:16:35:53 +0000] "GET /api/product/?microS=hotel HTTP/1.1" 200 30 "-" "PostmanRuntime/7.26.8"
::1 - - [08/Dec/2020:16:36:45 +0000] "GET /api/product/?microS=hotel HTTP/1.1" 500 1423 "-" "PostmanRuntime/7.26.8"
::1 - - [08/Dec/2020:16:38:53 +0000] "GET /api/product/?microS=hotel HTTP/1.1" 500 1423 "-" "PostmanRuntime/7.26.8"
::1 - - [08/Dec/2020:16:39:01 +0000] "GET /api/product/?microS=hotel HTTP/1.1" 200 437 "-" "PostmanRuntime/7.26.8"
::1 - - [08/Dec/2020:16:39:52 +0000] "GET /api/product/?microS=coches HTTP/1.1" 200 30 "-" "PostmanRuntime/7.26.8"
::1 - - [08/Dec/2020:16:46:00 +0000] "GET /api/product/?microS=coches HTTP/1.1" - - "-" "PostmanRuntime/7.26.8"
::1 - - [08/Dec/2020:16:47:23 +0000] "GET /api/product/?microS=coches HTTP/1.1" 500 781 "-" "PostmanRuntime/7.26.8"
::1 - - [08/Dec/2020:16:48:04 +0000] "GET /api/product/?microS=coches HTTP/1.1" 500 781 "-" "PostmanRuntime/7.26.8"
::1 - - [08/Dec/2020:16:48:18 +0000] "GET /api/product HTTP/1.1" 200 30 "-" "PostmanRuntime/7.26.8"
::1 - - [08/Dec/2020:16:48:25 +0000] "GET /api/product/?microS=coches HTTP/1.1" 500 781 "-" "PostmanRuntime/7.26.8"
::1 - - [08/Dec/2020:16:51:31 +0000] "GET /api/product/?microS=coches HTTP/1.1" 404 151 "-" "PostmanRuntime/7.26.8"
::ffff:127.0.0.1 - - [08/Dec/2020:16:51:48 +0000] "GET /api/product/?microS=coches HTTP/1.1" 404 151 "-" "Mozilla/5.0 (X11; Ubuntu; Linux x86_64; rv:83.0) Gecko/20100101 Firefox/83.0"
::ffff:127.0.0.1 - - [08/Dec/2020:16:51:57 +0000] "GET /api/product/?microS=hoteles HTTP/1.1" 200 30 "-" "Mozilla/5.0 (X11; Ubuntu; Linux x86_64; rv:83.0) Gecko/20100101 Firefox/83.0"
::ffff:127.0.0.1 - - [08/Dec/2020:16:52:02 +0000] "GET /api/product/?microS=hotel HTTP/1.1" 200 437 "-" "Mozilla/5.0 (X11; Ubuntu; Linux x86_64; rv:83.0) Gecko/20100101 Firefox/83.0"
::ffff:127.0.0.1 - - [08/Dec/2020:16:52:35 +0000] "GET /api/product/?microS=coches HTTP/1.1" 404 151 "-" "Mozilla/5.0 (X11; Ubuntu; Linux x86_64; rv:83.0) Gecko/20100101 Firefox/83.0"
::ffff:127.0.0.1 - - [08/Dec/2020:16:53:06 +0000] "GET /api/product/ HTTP/1.1" 200 30 "-" "Mozilla/5.0 (X11; Ubuntu; Linux x86_64; rv:83.0) Gecko/20100101 Firefox/83.0"
::1 - - [08/Dec/2020:17:05:14 +0000] "GET /api/product/5fcfa01633945f9102509e09 HTTP/1.1" 200 230 "-" "PostmanRuntime/7.26.8"
::1 - - [08/Dec/2020:17:07:51 +0000] "GET /api/product/?microS=coches/5fcfa01633945f9102509e09 HTTP/1.1" 200 30 "-" "PostmanRuntime/7.26.8"
::1 - - [08/Dec/2020:17:10:11 +0000] "GET /api/product/5fcfa01633945f9102509e09/?microS=hotel HTTP/1.1" 200 230 "-" "PostmanRuntime/7.26.8"
::1 - - [08/Dec/2020:17:11:02 +0000] "GET /api/product/5fcfa01633945f9102509e09/?microS=hote HTTP/1.1" 200 230 "-" "PostmanRuntime/7.26.8"
::1 - - [08/Dec/2020:17:11:29 +0000] "GET /api/product/5fcfa01633945f9102509e09/?microS=hotel HTTP/1.1" 200 230 "-" "PostmanRuntime/7.26.8"
::1 - - [08/Dec/2020:17:11:56 +0000] "GET /api/product/?microS=hotel HTTP/1.1" 200 437 "-" "PostmanRuntime/7.26.8"
::1 - - [08/Dec/2020:17:13:16 +0000] "GET /api/product/?microS=hotel&_id=5fcfa01633945f9102509e09 HTTP/1.1" 200 437 "-" "PostmanRuntime/7.26.8"
::1 - - [08/Dec/2020:17:13:48 +0000] "GET /api/product/?microS=hotel HTTP/1.1" 200 437 "-" "PostmanRuntime/7.26.8"
::1 - - [08/Dec/2020:17:14:33 +0000] "GET /api/product/?microS=hotel&_id=5fcfa01633945f9102509e09 HTTP/1.1" 200 437 "-" "PostmanRuntime/7.26.8"
::1 - - [08/Dec/2020:17:15:26 +0000] "GET /api/product/5fcfa01633945f9102509e09/?microS=hotel HTTP/1.1" 200 230 "-" "PostmanRuntime/7.26.8"
::1 - - [08/Dec/2020:19:11:18 +0000] "GET /api/product/?microS=hotel&ident=5fcfa01633945f9102509e09 HTTP/1.1" 200 437 "-" "PostmanRuntime/7.26.8"
::1 - - [08/Dec/2020:19:12:15 +0000] "GET /api/product/?microS=hotel&ident=5fcfa01633945f9102509e09 HTTP/1.1" 200 437 "-" "PostmanRuntime/7.26.8"
::1 - - [08/Dec/2020:19:12:58 +0000] "GET /api/product/?microS=hotel&ident=5fcfa01633945f9102509e09 HTTP/1.1" 200 437 "-" "PostmanRuntime/7.26.8"
::1 - - [08/Dec/2020:19:14:04 +0000] "GET /api/product/?microS=hotel&ident=5fcfa01633945f9102509e09 HTTP/1.1" 200 437 "-" "PostmanRuntime/7.26.8"
::1 - - [08/Dec/2020:19:14:45 +0000] "GET /api/product/5fcfa01633945f9102509e09 HTTP/1.1" - - "-" "PostmanRuntime/7.26.8"
::1 - - [08/Dec/2020:19:16:42 +0000] "GET /api/product/?microS=hotel HTTP/1.1" 200 437 "-" "PostmanRuntime/7.26.8"
::1 - - [09/Dec/2020:08:39:13 +0000] "GET /api/coches HTTP/1.1" 500 2186 "-" "PostmanRuntime/7.26.8"
::1 - - [09/Dec/2020:08:39:57 +0000] "GET /api/coches HTTP/1.1" 500 2186 "-" "PostmanRuntime/7.26.8"
::1 - - [09/Dec/2020:08:41:22 +0000] "GET /api/coches HTTP/1.1" 404 149 "-" "PostmanRuntime/7.26.8"
::1 - - [09/Dec/2020:08:43:19 +0000] "GET /api/coches HTTP/1.1" 404 149 "-" "PostmanRuntime/7.26.8"
::1 - - [09/Dec/2020:08:44:44 +0000] "GET /api/coches HTTP/1.1" 404 149 "-" "PostmanRuntime/7.26.8"
::1 - - [09/Dec/2020:08:46:03 +0000] "GET /api/coches HTTP/1.1" 404 149 "-" "PostmanRuntime/7.26.8"
::1 - - [09/Dec/2020:08:47:29 +0000] "GET /api/coche HTTP/1.1" 404 148 "-" "PostmanRuntime/7.26.8"
::1 - - [09/Dec/2020:08:47:32 +0000] "GET /api/coches HTTP/1.1" 404 149 "-" "PostmanRuntime/7.26.8"
::1 - - [09/Dec/2020:08:48:27 +0000] "GET /api/coches HTTP/1.1" 404 149 "-" "PostmanRuntime/7.26.8"
::1 - - [09/Dec/2020:08:48:59 +0000] "GET /api/coches HTTP/1.1" 404 149 "-" "PostmanRuntime/7.26.8"
::1 - - [09/Dec/2020:08:50:29 +0000] "GET /api/coches HTTP/1.1" 404 149 "-" "PostmanRuntime/7.26.8"
::1 - - [09/Dec/2020:08:50:51 +0000] "GET /api/coches HTTP/1.1" 404 149 "-" "PostmanRuntime/7.26.8"
::1 - - [09/Dec/2020:08:51:04 +0000] "GET /api/coches HTTP/1.1" 404 149 "-" "PostmanRuntime/7.26.8"
::1 - - [09/Dec/2020:08:57:28 +0000] "GET /api/coches HTTP/1.1" 404 149 "-" "PostmanRuntime/7.26.8"
::1 - - [09/Dec/2020:08:57:49 +0000] "GET /api/coches HTTP/1.1" 404 149 "-" "PostmanRuntime/7.26.8"
::1 - - [09/Dec/2020:09:02:27 +0000] "GET /api/coches/5fd08b8dcbedb6271e2ee6b2 HTTP/1.1" - - "-" "PostmanRuntime/7.26.8"
::1 - - [09/Dec/2020:09:07:47 +0000] "GET /api/coches/5fd08b8dcbedb6271e2ee6b2 HTTP/1.1" - - "-" "PostmanRuntime/7.26.8"
::1 - - [09/Dec/2020:09:12:51 +0000] "GET /api/coches/5fd08b8dcbedb6271e2ee6b2 HTTP/1.1" - - "-" "PostmanRuntime/7.26.8"
::1 - - [09/Dec/2020:09:18:19 +0000] "GET /api/coches HTTP/1.1" 404 149 "-" "PostmanRuntime/7.26.8"
::1 - - [09/Dec/2020:09:18:35 +0000] "GET /api/coches HTTP/1.1" 404 149 "-" "PostmanRuntime/7.26.8"
::1 - - [09/Dec/2020:09:20:43 +0000] "GET /api/coches HTTP/1.1" 404 149 "-" "PostmanRuntime/7.26.8"
::1 - - [09/Dec/2020:09:20:46 +0000] "GET /api/coches HTTP/1.1" 404 149 "-" "PostmanRuntime/7.26.8"
::1 - - [09/Dec/2020:09:20:53 +0000] "GET /api/product HTTP/1.1" 404 150 "-" "PostmanRuntime/7.26.8"
::1 - - [09/Dec/2020:09:21:01 +0000] "GET /api/coches HTTP/1.1" 404 149 "-" "PostmanRuntime/7.26.8"
::1 - - [09/Dec/2020:09:21:36 +0000] "GET /api/coches HTTP/1.1" 404 149 "-" "PostmanRuntime/7.26.8"
::1 - - [09/Dec/2020:09:22:52 +0000] "GET /api/coches HTTP/1.1" 404 149 "-" "PostmanRuntime/7.26.8"
::1 - - [09/Dec/2020:09:23:27 +0000] "GET /api/coches HTTP/1.1" 404 149 "-" "PostmanRuntime/7.26.8"
::1 - - [09/Dec/2020:09:25:29 +0000] "GET /api/coches HTTP/1.1" 404 149 "-" "PostmanRuntime/7.26.8"
::1 - - [09/Dec/2020:09:26:44 +0000] "GET /api/coches HTTP/1.1" 404 149 "-" "PostmanRuntime/7.26.8"
::1 - - [09/Dec/2020:09:26:58 +0000] "GET /api/coches HTTP/1.1" 404 149 "-" "PostmanRuntime/7.26.8"
::1 - - [09/Dec/2020:09:27:11 +0000] "GET /api/coches HTTP/1.1" 404 149 "-" "PostmanRuntime/7.26.8"
::1 - - [09/Dec/2020:09:28:04 +0000] "GET /api/coches HTTP/1.1" 404 149 "-" "PostmanRuntime/7.26.8"
::1 - - [09/Dec/2020:09:28:53 +0000] "GET /api/coches HTTP/1.1" 200 172 "-" "PostmanRuntime/7.26.8"
::1 - - [09/Dec/2020:09:29:43 +0000] "GET /api/coches HTTP/1.1" 404 149 "-" "PostmanRuntime/7.26.8"
::1 - - [09/Dec/2020:09:30:03 +0000] "GET /api/coches HTTP/1.1" 404 149 "-" "PostmanRuntime/7.26.8"
::1 - - [09/Dec/2020:09:30:57 +0000] "GET /api/coches HTTP/1.1" 404 149 "-" "PostmanRuntime/7.26.8"
::1 - - [09/Dec/2020:09:31:19 +0000] "GET /api/coches HTTP/1.1" 200 172 "-" "PostmanRuntime/7.26.8"
::1 - - [09/Dec/2020:09:31:56 +0000] "GET /api/coches HTTP/1.1" 200 172 "-" "PostmanRuntime/7.26.8"
::1 - - [09/Dec/2020:09:32:07 +0000] "GET /api/coches/5fd08b8dcbedb6271e2ee6b2 HTTP/1.1" 200 15 "-" "PostmanRuntime/7.26.8"
::1 - - [09/Dec/2020:09:32:31 +0000] "GET /api/coches/5fd08b8dcbedb6271e2ee6b2 HTTP/1.1" 200 169 "-" "PostmanRuntime/7.26.8"
::1 - - [09/Dec/2020:09:38:46 +0000] "GET /api/coches/ HTTP/1.1" 200 172 "-" "PostmanRuntime/7.26.8"
